# JRE version: Java(TM) SE Runtime Environment (7.0_80-b15) (build 1.7.0_80-b15)
# Java VM: Java HotSpot(TM) 64-Bit Server VM (24.80-b11 mixed mode bsd-amd64 compressed oops)
Heap
 PSYoungGen      total 187392K, used 51834K [0x00000007e0000000, 0x00000007efd80000, 0x0000000800000000)
  eden space 135680K, 0% used [0x00000007e0000000,0x00000007e00cd6c0,0x00000007e8480000)
  from space 51712K, 98% used [0x00000007e8480000,0x00000007eb651160,0x00000007eb700000)
  to   space 61440K, 0% used [0x00000007ec180000,0x00000007ec180000,0x00000007efd80000)
 ParOldGen       total 131584K, used 68584K [0x00000007a0000000, 0x00000007a8080000, 0x00000007e0000000)
  object space 131584K, 52% used [0x00000007a0000000,0x00000007a42fa280,0x00000007a8080000)
 PSPermGen       total 53760K, used 49120K [0x000000079ae00000, 0x000000079e280000, 0x00000007a0000000)
  object space 53760K, 91% used [0x000000079ae00000,0x000000079ddf8388,0x000000079e280000)
GC Heap History (10 events):
Event: 19378.491 GC heap before
{Heap before GC invocations=79 (full 20):
 PSYoungGen      total 190464K, used 142848K [0x00000007e0000000, 0x00000007eec80000, 0x0000000800000000)
  eden space 142848K, 100% used [0x00000007e0000000,0x00000007e8b80000,0x00000007e8b80000)
  from space 47616K, 0% used [0x00000007ebe00000,0x00000007ebe00000,0x00000007eec80000)
  to   space 49664K, 0% used [0x00000007e8b80000,0x00000007e8b80000,0x00000007ebc00000)
 ParOldGen       total 131584K, used 62819K [0x00000007a0000000, 0x00000007a8080000, 0x00000007e0000000)
  object space 131584K, 47% used [0x00000007a0000000,0x00000007a3d58e20,0x00000007a8080000)
 PSPermGen       total 53760K, used 49051K [0x000000079ae00000, 0x000000079e280000, 0x00000007a0000000)
  object space 53760K, 91% used [0x000000079ae00000,0x000000079dde6c28,0x000000079e280000)
Event: 19378.494 GC heap after
Heap after GC invocations=79 (full 20):
 PSYoungGen      total 152576K, used 9647K [0x00000007e0000000, 0x00000007ee600000, 0x0000000800000000)
  eden space 142848K, 0% used [0x00000007e0000000,0x00000007e0000000,0x00000007e8b80000)
  from space 9728K, 99% used [0x00000007e8b80000,0x00000007e94ebe00,0x00000007e9500000)
  to   space 46080K, 0% used [0x00000007eb900000,0x00000007eb900000,0x00000007ee600000)
 ParOldGen       total 131584K, used 62819K [0x00000007a0000000, 0x00000007a8080000, 0x00000007e0000000)
  object space 131584K, 47% used [0x00000007a0000000,0x00000007a3d58e20,0x00000007a8080000)
 PSPermGen       total 53760K, used 49051K [0x000000079ae00000, 0x000000079e280000, 0x00000007a0000000)
  object space 53760K, 91% used [0x000000079ae00000,0x000000079dde6c28,0x000000079e280000)
}
Event: 19434.239 GC heap before
{Heap before GC invocations=80 (full 20):
 PSYoungGen      total 152576K, used 152495K [0x00000007e0000000, 0x00000007ee600000, 0x0000000800000000)
  eden space 142848K, 100% used [0x00000007e0000000,0x00000007e8b80000,0x00000007e8b80000)
  from space 9728K, 99% used [0x00000007e8b80000,0x00000007e94ebe00,0x00000007e9500000)
  to   space 46080K, 0% used [0x00000007eb900000,0x00000007eb900000,0x00000007ee600000)
 ParOldGen       total 131584K, used 62819K [0x00000007a0000000, 0x00000007a8080000, 0x00000007e0000000)
  object space 131584K, 47% used [0x00000007a0000000,0x00000007a3d58e20,0x00000007a8080000)
 PSPermGen       total 53760K, used 49063K [0x000000079ae00000, 0x000000079e280000, 0x00000007a0000000)
  object space 53760K, 91% used [0x000000079ae00000,0x000000079dde9e68,0x000000079e280000)
Event: 19434.242 GC heap after
Heap after GC invocations=80 (full 20):
 PSYoungGen      total 182272K, used 10255K [0x00000007e0000000, 0x00000007edf00000, 0x0000000800000000)
  eden space 143360K, 0% used [0x00000007e0000000,0x00000007e0000000,0x00000007e8c00000)
  from space 38912K, 26% used [0x00000007eb900000,0x00000007ec303fa0,0x00000007edf00000)
  to   space 42496K, 0% used [0x00000007e8c00000,0x00000007e8c00000,0x00000007eb580000)
 ParOldGen       total 131584K, used 62819K [0x00000007a0000000, 0x00000007a8080000, 0x00000007e0000000)
  object space 131584K, 47% used [0x00000007a0000000,0x00000007a3d58e20,0x00000007a8080000)
 PSPermGen       total 53760K, used 49063K [0x000000079ae00000, 0x000000079e280000, 0x00000007a0000000)
  object space 53760K, 91% used [0x000000079ae00000,0x000000079dde9e68,0x000000079e280000)
}
Event: 28201.021 GC heap before
{Heap before GC invocations=81 (full 20):
 PSYoungGen      total 182272K, used 153194K [0x00000007e0000000, 0x00000007edf00000, 0x0000000800000000)
  eden space 143360K, 99% used [0x00000007e0000000,0x00000007e8b96928,0x00000007e8c00000)
  from space 38912K, 26% used [0x00000007eb900000,0x00000007ec303fa0,0x00000007edf00000)
  to   space 42496K, 0% used [0x00000007e8c00000,0x00000007e8c00000,0x00000007eb580000)
 ParOldGen       total 131584K, used 62819K [0x00000007a0000000, 0x00000007a8080000, 0x00000007e0000000)
  object space 131584K, 47% used [0x00000007a0000000,0x00000007a3d58e20,0x00000007a8080000)
 PSPermGen       total 53760K, used 49108K [0x000000079ae00000, 0x000000079e280000, 0x00000007a0000000)
  object space 53760K, 91% used [0x000000079ae00000,0x000000079ddf5040,0x000000079e280000)
Event: 28201.029 GC heap after
Heap after GC invocations=81 (full 20):
 PSYoungGen      total 185856K, used 21552K [0x00000007e0000000, 0x00000007ee180000, 0x0000000800000000)
  eden space 143360K, 0% used [0x00000007e0000000,0x00000007e0000000,0x00000007e8c00000)
  from space 42496K, 50% used [0x00000007e8c00000,0x00000007ea10c0a0,0x00000007eb580000)
  to   space 43520K, 0% used [0x00000007eb700000,0x00000007eb700000,0x00000007ee180000)
 ParOldGen       total 131584K, used 62819K [0x00000007a0000000, 0x00000007a8080000, 0x00000007e0000000)
  object space 131584K, 47% used [0x00000007a0000000,0x00000007a3d58e20,0x00000007a8080000)
 PSPermGen       total 53760K, used 49108K [0x000000079ae00000, 0x000000079e280000, 0x00000007a0000000)
  object space 53760K, 91% used [0x000000079ae00000,0x000000079ddf5040,0x000000079e280000)
}
Event: 28209.878 GC heap before
{Heap before GC invocations=82 (full 20):
 PSYoungGen      total 185856K, used 164156K [0x00000007e0000000, 0x00000007ee180000, 0x0000000800000000)
  eden space 143360K, 99% used [0x00000007e0000000,0x00000007e8b43010,0x00000007e8c00000)
  from space 42496K, 50% used [0x00000007e8c00000,0x00000007ea10c0a0,0x00000007eb580000)
  to   space 43520K, 0% used [0x00000007eb700000,0x00000007eb700000,0x00000007ee180000)
 ParOldGen       total 131584K, used 62819K [0x00000007a0000000, 0x00000007a8080000, 0x00000007e0000000)
  object space 131584K, 47% used [0x00000007a0000000,0x00000007a3d58e20,0x00000007a8080000)
 PSPermGen       total 53760K, used 49115K [0x000000079ae00000, 0x000000079e280000, 0x00000007a0000000)
  object space 53760K, 91% used [0x000000079ae00000,0x000000079ddf6f98,0x000000079e280000)
Event: 28209.891 GC heap after
Heap after GC invocations=82 (full 20):
 PSYoungGen      total 179200K, used 41325K [0x00000007e0000000, 0x00000007ef200000, 0x0000000800000000)
  eden space 135680K, 0% used [0x00000007e0000000,0x00000007e0000000,0x00000007e8480000)
  from space 43520K, 94% used [0x00000007eb700000,0x00000007edf5b758,0x00000007ee180000)
  to   space 51712K, 0% used [0x00000007e8480000,0x00000007e8480000,0x00000007eb700000)
 ParOldGen       total 131584K, used 62819K [0x00000007a0000000, 0x00000007a8080000, 0x00000007e0000000)
  object space 131584K, 47% used [0x00000007a0000000,0x00000007a3d58e20,0x00000007a8080000)
 PSPermGen       total 53760K, used 49115K [0x000000079ae00000, 0x000000079e280000, 0x00000007a0000000)
  object space 53760K, 91% used [0x000000079ae00000,0x000000079ddf6f98,0x000000079e280000)
}
Event: 28222.506 GC heap before
{Heap before GC invocations=83 (full 20):
 PSYoungGen      total 179200K, used 176890K [0x00000007e0000000, 0x00000007ef200000, 0x0000000800000000)
  eden space 135680K, 99% used [0x00000007e0000000,0x00000007e8463418,0x00000007e8480000)
  from space 43520K, 94% used [0x00000007eb700000,0x00000007edf5b758,0x00000007ee180000)
  to   space 51712K, 0% used [0x00000007e8480000,0x00000007e8480000,0x00000007eb700000)
 ParOldGen       total 131584K, used 62819K [0x00000007a0000000, 0x00000007a8080000, 0x00000007e0000000)
  object space 131584K, 47% used [0x00000007a0000000,0x00000007a3d58e20,0x00000007a8080000)
 PSPermGen       total 53760K, used 49120K [0x000000079ae00000, 0x000000079e280000, 0x00000007a0000000)
  object space 53760K, 91% used [0x000000079ae00000,0x000000079ddf8388,0x000000079e280000)
Event: 28222.515 GC heap after
Heap after GC invocations=83 (full 20):
 PSYoungGen      total 187392K, used 51012K [0x00000007e0000000, 0x00000007efd80000, 0x0000000800000000)
  eden space 135680K, 0% used [0x00000007e0000000,0x00000007e0000000,0x00000007e8480000)
  from space 51712K, 98% used [0x00000007e8480000,0x00000007eb651160,0x00000007eb700000)
  to   space 61440K, 0% used [0x00000007ec180000,0x00000007ec180000,0x00000007efd80000)
 ParOldGen       total 131584K, used 68584K [0x00000007a0000000, 0x00000007a8080000, 0x00000007e0000000)
  object space 131584K, 52% used [0x00000007a0000000,0x00000007a42fa280,0x00000007a8080000)
 PSPermGen       total 53760K, used 49120K [0x000000079ae00000, 0x000000079e280000, 0x00000007a0000000)
  object space 53760K, 91% used [0x000000079ae00000,0x000000079ddf8388,0x000000079e280000)
}

